<?xml version="1.0" encoding="UTF-8"?>
<!-- Generated by org.testng.reporters.JUnitReportReporter -->
<testsuite hostname="RAJI-REDDY" failures="0" tests="1" name="contactsTests.ReadDataFromcmdline" time="0.009" errors="0" timestamp="2024-06-15T12:09:50 IST" skipped="0">
  <testcase classname="contactsTests.ReadDataFromcmdline" name="read" time="0.009"/>
  <system-out/>
</testsuite> <!-- contactsTests.ReadDataFromcmdline -->
