<?xml version="1.0" encoding="UTF-8"?>
<!-- Generated by org.testng.reporters.JUnitReportReporter -->
<testsuite hostname="RAJI-REDDY" failures="0" tests="1" name="contactsTests.CreateContactWithLeadSourceTest" time="10.713" errors="0" timestamp="2024-06-12T19:30:34 IST" skipped="0">
  <testcase classname="contactsTests.CreateContactWithLeadSourceTest" name="createContactWithLead" time="10.713"/>
  <system-out/>
</testsuite> <!-- contactsTests.CreateContactWithLeadSourceTest -->
