<?xml version="1.0" encoding="UTF-8"?>
<!-- Generated by org.testng.reporters.JUnitReportReporter -->
<testsuite hostname="RAJI-REDDY" failures="0" tests="1" name="contactsTests.CreateContactTest" time="22.124" errors="0" timestamp="2024-06-21T17:24:37 IST" skipped="0">
  <testcase classname="contactsTests.CreateContactTest" name="createContactWithMandatoryFields" time="22.124"/>
  <system-out/>
</testsuite> <!-- contactsTests.CreateContactTest -->
